<?xml version="1.0" encoding="UTF-8"?>
<!-- Generated by org.testng.reporters.JUnitReportReporter -->
<testsuite hostname="DESKTOP-G17JFQ2" failures="0" tests="3" name="AllureReports.Testtbc" time="3.890" errors="0" timestamp="2020-12-25T02:27:34 GET" skipped="0">
  <testcase classname="AllureReports.Testtbc" name="shiftTest" time="1.505"/>
  <system-out/>
  <testcase classname="AllureReports.Testtbc" name="uploadTest" time="1.448"/>
  <system-out/>
  <testcase classname="AllureReports.Testtbc" name="domTest" time="0.937"/>
  <system-out/>
</testsuite> <!-- AllureReports.Testtbc -->
